Vivado Simulator v2021.2
Copyright 1986-1999, 2001-2021 Xilinx, Inc. All Rights Reserved.
Running: D:/Xilinx/Vivado/2021.2/bin/unwrapped/win64.o/xelab.exe --incr --debug typical --relax --mt 2 -L xil_defaultlib -L blk_mem_gen_v8_4_5 -L unisims_ver -L unimacro_ver -L secureip -L xpm --snapshot testbench_behav xil_defaultlib.testbench xil_defaultlib.glbl -log elaborate.log 
Using 2 slave threads.
Starting static elaboration
Pass Through NonSizing Optimizer
WARNING: [VRFC 10-3091] actual bit length 1 differs from formal bit length 4 for port 'memwrite' [E:/VIVADO/My_Mips_CPU/lab_4/sim/testbench.v:30]
WARNING: [VRFC 10-3091] actual bit length 16 differs from formal bit length 13 for port 'd' [E:/VIVADO/My_Mips_CPU/lab_4/rtl/controller.v:77]
WARNING: [VRFC 10-3091] actual bit length 3 differs from formal bit length 8 for port 'd' [E:/VIVADO/My_Mips_CPU/lab_4/rtl/controller.v:96]
WARNING: [VRFC 10-3091] actual bit length 3 differs from formal bit length 8 for port 'q' [E:/VIVADO/My_Mips_CPU/lab_4/rtl/controller.v:97]
WARNING: [VRFC 10-3091] actual bit length 2 differs from formal bit length 8 for port 'd' [E:/VIVADO/My_Mips_CPU/lab_4/rtl/controller.v:106]
WARNING: [VRFC 10-3091] actual bit length 2 differs from formal bit length 8 for port 'q' [E:/VIVADO/My_Mips_CPU/lab_4/rtl/controller.v:107]
Completed static elaboration
Starting simulation data flow analysis
Completed simulation data flow analysis
Time Resolution for simulation is 1ps
Compiling module xil_defaultlib.maindec
Compiling module xil_defaultlib.aludec
Compiling module xil_defaultlib.floprc(WIDTH=13)
Compiling module xil_defaultlib.floprc(WIDTH=3)
Compiling module xil_defaultlib.floprc(WIDTH=1)
Compiling module xil_defaultlib.flopr
Compiling module xil_defaultlib.flopr(WIDTH=3)
Compiling module xil_defaultlib.controller
Compiling module xil_defaultlib.hazard
Compiling module xil_defaultlib.mux2(WIDTH=32)
Compiling module xil_defaultlib.regfile
Compiling module xil_defaultlib.pc(WIDTH=32)
Compiling module xil_defaultlib.adder
Compiling module xil_defaultlib.flopenr(WIDTH=32)
Compiling module xil_defaultlib.flopenrc(WIDTH=32)
Compiling module xil_defaultlib.signext
Compiling module xil_defaultlib.sl2
Compiling module xil_defaultlib.eqcmp
Compiling module xil_defaultlib.floprc(WIDTH=32)
Compiling module xil_defaultlib.floprc(WIDTH=5)
Compiling module xil_defaultlib.floprc(WIDTH=4)
Compiling module xil_defaultlib.mux3(WIDTH=32)
Compiling module xil_defaultlib.alu
Compiling module xil_defaultlib.mux2(WIDTH=5)
Compiling module xil_defaultlib.flopr(WIDTH=32)
Compiling module xil_defaultlib.flopr(WIDTH=5)
Compiling module xil_defaultlib.flopr(WIDTH=4)
Compiling module xil_defaultlib.datapath
Compiling module xil_defaultlib.mips
Compiling module blk_mem_gen_v8_4_5.blk_mem_gen_v8_4_5_output_stage(...
Compiling module blk_mem_gen_v8_4_5.blk_mem_gen_v8_4_5_softecc_outpu...
Compiling module blk_mem_gen_v8_4_5.blk_mem_gen_v8_4_5_mem_module(C_...
Compiling module blk_mem_gen_v8_4_5.blk_mem_gen_v8_4_5(C_FAMILY="art...
Compiling module xil_defaultlib.inst_mem
Compiling module blk_mem_gen_v8_4_5.blk_mem_gen_v8_4_5_mem_module(C_...
Compiling module blk_mem_gen_v8_4_5.blk_mem_gen_v8_4_5(C_FAMILY="art...
Compiling module xil_defaultlib.data_mem
Compiling module xil_defaultlib.top
Compiling module xil_defaultlib.testbench
Compiling module xil_defaultlib.glbl
Built simulation snapshot testbench_behav
